[01m[K/home/iju/S08P31C208/ROS/robot_ws/src/turtle_cpp/src/lidar.cpp:[m[K In member function â€˜[01m[Kvoid Turtlebot3Drive::scan_callback(sensor_msgs::msg::LaserScan_<std::allocator<void> >::SharedPtr)[m[Kâ€™:
[01m[K/home/iju/S08P31C208/ROS/robot_ws/src/turtle_cpp/src/lidar.cpp:73:18:[m[K [01;31m[Kerror: [m[Kâ€˜[01m[Kranges[m[Kâ€™ was not declared in this scope
     std::cout << [01;31m[Kranges[m[K[i] << std::endl;
                  [01;31m[K^~~~~~[m[K
[01m[K/home/iju/S08P31C208/ROS/robot_ws/src/turtle_cpp/src/lidar.cpp:73:18:[m[K [01;36m[Knote: [m[Ksuggested alternative: â€˜[01m[Krindex[m[Kâ€™
     std::cout << [01;36m[Kranges[m[K[i] << std::endl;
                  [01;36m[K^~~~~~[m[K
                  [32m[Krindex[m[K
make[2]: *** [CMakeFiles/lidar.dir/src/lidar.cpp.o] Error 1
make[1]: *** [CMakeFiles/lidar.dir/all] Error 2
make: *** [all] Error 2
