[0.024s] Invoking command in '/home/iju/S08P31C208/ROS/robot_ws/build/turtle_cpp': CMAKE_PREFIX_PATH=${CMAKE_PREFIX_PATH}:/home/iju/S08P31C208/ROS/robot_ws/install/turtlebot3_teleop:/home/iju/S08P31C208/ROS/robot_ws/install/turtlebot3_example:/opt/ros/dashing PS1=\u@\h \[\033[32m\]\w\[\033[33m\]$(parse_git_branch)\[\033[00m\] $ /usr/bin/cmake --build /home/iju/S08P31C208/ROS/robot_ws/build/turtle_cpp -- -j6 -l6
[0.071s] [35m[1mScanning dependencies of target lidar[0m
[0.086s] [ 33%] Built target sub
[0.088s] [ 66%] Built target pub
[0.100s] [ 83%] [32mBuilding CXX object CMakeFiles/lidar.dir/src/lidar.cpp.o[0m
[0.955s] [01m[K/home/iju/S08P31C208/ROS/robot_ws/src/turtle_cpp/src/lidar.cpp:[m[K In member function â€˜[01m[Kvoid Turtlebot3Drive::scan_callback(sensor_msgs::msg::LaserScan_<std::allocator<void> >::SharedPtr)[m[Kâ€™:
[0.955s] [01m[K/home/iju/S08P31C208/ROS/robot_ws/src/turtle_cpp/src/lidar.cpp:73:18:[m[K [01;31m[Kerror: [m[Kâ€˜[01m[Kranges[m[Kâ€™ was not declared in this scope
[0.956s]      std::cout << [01;31m[Kranges[m[K[i] << std::endl;
[0.956s]                   [01;31m[K^~~~~~[m[K
[0.956s] [01m[K/home/iju/S08P31C208/ROS/robot_ws/src/turtle_cpp/src/lidar.cpp:73:18:[m[K [01;36m[Knote: [m[Ksuggested alternative: â€˜[01m[Krindex[m[Kâ€™
[0.956s]      std::cout << [01;36m[Kranges[m[K[i] << std::endl;
[0.957s]                   [01;36m[K^~~~~~[m[K
[0.957s]                   [32m[Krindex[m[K
[1.807s] make[2]: *** [CMakeFiles/lidar.dir/src/lidar.cpp.o] Error 1
[1.808s] CMakeFiles/lidar.dir/build.make:62: recipe for target 'CMakeFiles/lidar.dir/src/lidar.cpp.o' failed
[1.808s] CMakeFiles/Makefile2:173: recipe for target 'CMakeFiles/lidar.dir/all' failed
[1.808s] Makefile:140: recipe for target 'all' failed
[1.808s] make[1]: *** [CMakeFiles/lidar.dir/all] Error 2
[1.808s] make: *** [all] Error 2
[1.810s] Invoked command in '/home/iju/S08P31C208/ROS/robot_ws/build/turtle_cpp' returned '2': CMAKE_PREFIX_PATH=${CMAKE_PREFIX_PATH}:/home/iju/S08P31C208/ROS/robot_ws/install/turtlebot3_teleop:/home/iju/S08P31C208/ROS/robot_ws/install/turtlebot3_example:/opt/ros/dashing PS1=\u@\h \[\033[32m\]\w\[\033[33m\]$(parse_git_branch)\[\033[00m\] $ /usr/bin/cmake --build /home/iju/S08P31C208/ROS/robot_ws/build/turtle_cpp -- -j6 -l6
