[01m[K/home/iju/S08P31C208/ROS/robot_ws/src/turtle_cpp/src/lidar.cpp:14:9:[m[K [01;31m[Kerror: [m[Kâ€˜[01m[Ks[m[Kâ€™ does not name a type
 private:[01;31m[Ks[m[K
         [01;31m[K^[m[K
[01m[K/home/iju/S08P31C208/ROS/robot_ws/src/turtle_cpp/src/lidar.cpp:[m[K In constructor â€˜[01m[KLidar::Lidar()[m[Kâ€™:
[01m[K/home/iju/S08P31C208/ROS/robot_ws/src/turtle_cpp/src/lidar.cpp:11:58:[m[K [01;31m[Kerror: [m[Kâ€˜[01m[Kscan_callback[m[Kâ€™ is not a member of â€˜[01m[KLidar[m[Kâ€™
       "/turtlebot3_laserscan/out", 10, std::bind(&Lidar::[01;31m[Kscan_callback[m[K, this, std::placeholders::_1));
                                                          [01;31m[K^~~~~~~~~~~~~[m[K
make[2]: *** [CMakeFiles/lidar.dir/src/lidar.cpp.o] Error 1
make[1]: *** [CMakeFiles/lidar.dir/all] Error 2
make: *** [all] Error 2
