[0.036s] Invoking command in '/home/iju/S08P31C208/ROS/robot_ws/build/turtle_cpp': CMAKE_PREFIX_PATH=${CMAKE_PREFIX_PATH}:/home/iju/S08P31C208/ROS/robot_ws/install/turtlebot3_teleop:/home/iju/S08P31C208/ROS/robot_ws/install/turtlebot3_example:/opt/ros/dashing PS1=\u@\h \[\033[32m\]\w\[\033[33m\]$(parse_git_branch)\[\033[00m\] $ /usr/bin/cmake --build /home/iju/S08P31C208/ROS/robot_ws/build/turtle_cpp -- -j6 -l6
[0.146s] [ 33%] Built target pub
[0.151s] [ 66%] Built target sub
[0.164s] [35m[1mScanning dependencies of target lidar[0m
[0.201s] [ 83%] [32mBuilding CXX object CMakeFiles/lidar.dir/src/lidar.cpp.o[0m
[1.302s] In file included from [01m[K/opt/ros/dashing/include/rclcpp/client.hpp:39:0[m[K,
[1.302s]                  from [01m[K/opt/ros/dashing/include/rclcpp/callback_group.hpp:23[m[K,
[1.302s]                  from [01m[K/opt/ros/dashing/include/rclcpp/any_executable.hpp:20[m[K,
[1.302s]                  from [01m[K/opt/ros/dashing/include/rclcpp/memory_strategy.hpp:24[m[K,
[1.302s]                  from [01m[K/opt/ros/dashing/include/rclcpp/memory_strategies.hpp:18[m[K,
[1.303s]                  from [01m[K/opt/ros/dashing/include/rclcpp/executor.hpp:33[m[K,
[1.303s]                  from [01m[K/opt/ros/dashing/include/rclcpp/executors/multi_threaded_executor.hpp:24[m[K,
[1.303s]                  from [01m[K/opt/ros/dashing/include/rclcpp/executors.hpp:21[m[K,
[1.303s]                  from [01m[K/opt/ros/dashing/include/rclcpp/rclcpp.hpp:144[m[K,
[1.303s]                  from [01m[K/home/iju/S08P31C208/ROS/robot_ws/src/turtle_cpp/src/lidar.cpp:2[m[K:
[1.303s] [01m[K/home/iju/S08P31C208/ROS/robot_ws/src/turtle_cpp/src/lidar.cpp:[m[K In member function â€˜[01m[Kvoid Lidar::scan_callback(sensor_msgs::msg::LaserScan_<std::allocator<void> >::SharedPtr)[m[Kâ€™:
[1.303s] [01m[K/home/iju/S08P31C208/ROS/robot_ws/src/turtle_cpp/src/lidar.cpp:27:21:[m[K [01;31m[Kerror: [m[Kâ€˜[01m[Kconst SharedPtr {aka const class std::shared_ptr<sensor_msgs::msg::LaserScan_<std::allocator<void> > >}[m[Kâ€™ has no member named â€˜[01m[Kdata[m[Kâ€™
[1.303s]                  msg.[01;31m[Kd[m[Kata.c_str());
[1.303s]                      [01;31m[K^[m[K
[1.303s] [01m[K/opt/ros/dashing/include/rcutils/logging_macros.h:72:64:[m[K [01;36m[Knote: [m[Kin definition of macro â€˜[01m[KRCUTILS_LOG_COND_NAMED[m[Kâ€™
[1.303s]        rcutils_log(&__rcutils_logging_location, severity, name, [01;36m[K__VA_ARGS__[m[K); \
[1.304s]                                                                 [01;36m[K^~~~~~~~~~~[m[K
[1.304s] [01m[K/opt/ros/dashing/include/rclcpp/logging.hpp:218:5:[m[K [01;36m[Knote: [m[Kin expansion of macro â€˜[01m[KRCUTILS_LOG_INFO_NAMED[m[Kâ€™
[1.304s]      [01;36m[KRCUTILS_LOG_INFO_NAMED[m[K( \
[1.304s]      [01;36m[K^~~~~~~~~~~~~~~~~~~~~~[m[K
[1.305s] [01m[K/opt/ros/dashing/include/rclcpp/logging.hpp:221:9:[m[K [01;36m[Knote: [m[Kin expansion of macro â€˜[01m[KRCLCPP_ALL_BUT_FIRST_ARGS[m[Kâ€™
[1.306s]          [01;36m[KRCLCPP_ALL_BUT_FIRST_ARGS[m[K(__VA_ARGS__,"")); \
[1.306s]          [01;36m[K^~~~~~~~~~~~~~~~~~~~~~~~~[m[K
[1.306s] [01m[K/home/iju/S08P31C208/ROS/robot_ws/src/turtle_cpp/src/lidar.cpp:24:5:[m[K [01;36m[Knote: [m[Kin expansion of macro â€˜[01m[KRCLCPP_INFO[m[Kâ€™
[1.306s]      [01;36m[KRCLCPP_INFO[m[K(
[1.306s]      [01;36m[K^~~~~~~~~~~[m[K
[1.306s] [01m[K/home/iju/S08P31C208/ROS/robot_ws/src/turtle_cpp/src/lidar.cpp:28:13:[m[K [01;31m[Kerror: [m[Kâ€˜[01m[Kpublisher_[m[Kâ€™ was not declared in this scope
[1.306s]              [01;31m[Kpublisher_[m[K->publish(/turtlebot3_laserscan/out);
[1.306s]              [01;31m[K^~~~~~~~~~[m[K
[1.306s] [01m[K/home/iju/S08P31C208/ROS/robot_ws/src/turtle_cpp/src/lidar.cpp:28:13:[m[K [01;36m[Knote: [m[Ksuggested alternative: â€˜[01m[Krcl_publisher_t[m[Kâ€™
[1.306s]              [01;36m[Kpublisher_[m[K->publish(/turtlebot3_laserscan/out);
[1.306s]              [01;36m[K^~~~~~~~~~[m[K
[1.306s]              [32m[Krcl_publisher_t[m[K
[1.307s] [01m[K/home/iju/S08P31C208/ROS/robot_ws/src/turtle_cpp/src/lidar.cpp:28:33:[m[K [01;31m[Kerror: [m[Kexpected primary-expression before â€˜[01m[K/[m[Kâ€™ token
[1.307s]              publisher_->publish([01;31m[K/[m[Kturtlebot3_laserscan/out);
[1.307s]                                  [01;31m[K^[m[K
[1.307s] [01m[K/home/iju/S08P31C208/ROS/robot_ws/src/turtle_cpp/src/lidar.cpp:28:34:[m[K [01;31m[Kerror: [m[Kâ€˜[01m[Kturtlebot3_laserscan[m[Kâ€™ was not declared in this scope
[1.307s]              publisher_->publish(/[01;31m[Kturtlebot3_laserscan[m[K/out);
[1.307s]                                   [01;31m[K^~~~~~~~~~~~~~~~~~~~[m[K
[1.311s] [01m[K/home/iju/S08P31C208/ROS/robot_ws/src/turtle_cpp/src/lidar.cpp:28:55:[m[K [01;31m[Kerror: [m[Kâ€˜[01m[Kout[m[Kâ€™ was not declared in this scope
[1.312s]              publisher_->publish(/turtlebot3_laserscan/[01;31m[Kout[m[K);
[1.312s]                                                        [01;31m[K^~~[m[K
[1.312s] [01m[K/home/iju/S08P31C208/ROS/robot_ws/src/turtle_cpp/src/lidar.cpp:28:55:[m[K [01;36m[Knote: [m[Ksuggested alternative: â€˜[01m[Kputw[m[Kâ€™
[1.312s]              publisher_->publish(/turtlebot3_laserscan/[01;36m[Kout[m[K);
[1.312s]                                                        [01;36m[K^~~[m[K
[1.312s]                                                        [32m[Kputw[m[K
[2.081s] CMakeFiles/lidar.dir/build.make:62: recipe for target 'CMakeFiles/lidar.dir/src/lidar.cpp.o' failed
[2.082s] make[2]: *** [CMakeFiles/lidar.dir/src/lidar.cpp.o] Error 1
[2.082s] make[1]: *** [CMakeFiles/lidar.dir/all] Error 2
[2.082s] CMakeFiles/Makefile2:173: recipe for target 'CMakeFiles/lidar.dir/all' failed
[2.082s] Makefile:140: recipe for target 'all' failed
[2.083s] make: *** [all] Error 2
[2.087s] Invoked command in '/home/iju/S08P31C208/ROS/robot_ws/build/turtle_cpp' returned '2': CMAKE_PREFIX_PATH=${CMAKE_PREFIX_PATH}:/home/iju/S08P31C208/ROS/robot_ws/install/turtlebot3_teleop:/home/iju/S08P31C208/ROS/robot_ws/install/turtlebot3_example:/opt/ros/dashing PS1=\u@\h \[\033[32m\]\w\[\033[33m\]$(parse_git_branch)\[\033[00m\] $ /usr/bin/cmake --build /home/iju/S08P31C208/ROS/robot_ws/build/turtle_cpp -- -j6 -l6
