[0.035s] Invoking command in '/home/iju/S08P31C208/ROS/robot_ws/build/turtle_cpp': CMAKE_PREFIX_PATH=${CMAKE_PREFIX_PATH}:/home/iju/S08P31C208/ROS/robot_ws/install/turtlebot3_teleop:/home/iju/S08P31C208/ROS/robot_ws/install/turtlebot3_example:/opt/ros/dashing PS1=\u@\h \[\033[32m\]\w\[\033[33m\]$(parse_git_branch)\[\033[00m\] $ /usr/bin/cmake --build /home/iju/S08P31C208/ROS/robot_ws/build/turtle_cpp -- -j6 -l6
[0.137s] [35m[1mScanning dependencies of target lidar[0m
[0.156s] [ 33%] Built target sub
[0.169s] [ 83%] Built target pub
[0.169s] [ 83%] [32mBuilding CXX object CMakeFiles/lidar.dir/src/lidar.cpp.o[0m
[1.341s] [01m[K/home/iju/S08P31C208/ROS/robot_ws/src/turtle_cpp/src/lidar.cpp:[m[K In member function â€˜[01m[Kvoid Lidar::scan_callback(sensor_msgs::msg::LaserScan_<std::allocator<void> >::SharedPtr)[m[Kâ€™:
[1.341s] [01m[K/home/iju/S08P31C208/ROS/robot_ws/src/turtle_cpp/src/lidar.cpp:24:10:[m[K [01;31m[Kerror: [m[Kdeclaration of â€˜[01m[Kauto msg[m[Kâ€™ shadows a parameter
[1.341s]      auto [01;31m[Kmsg[m[K = std_msgs::msg::String();
[1.341s]           [01;31m[K^~~[m[K
[1.341s] [01m[K/home/iju/S08P31C208/ROS/robot_ws/src/turtle_cpp/src/lidar.cpp:24:31:[m[K [01;31m[Kerror: [m[Kâ€˜[01m[KString[m[Kâ€™ is not a member of â€˜[01m[Kstd_msgs::msg[m[Kâ€™
[1.341s]      auto msg = std_msgs::msg::[01;31m[KString[m[K();
[1.341s]                                [01;31m[K^~~~~~[m[K
[1.341s] [01m[K/home/iju/S08P31C208/ROS/robot_ws/src/turtle_cpp/src/lidar.cpp:25:57:[m[K [01;31m[Kerror: [m[Kâ€˜[01m[Kcount[m[Kâ€™ was not declared in this scope
[1.342s]              msg.data = "Hello World: " + std::to_string([01;31m[Kcount[m[K++);
[1.342s]                                                          [01;31m[K^~~~~[m[K
[1.342s] [01m[K/home/iju/S08P31C208/ROS/robot_ws/src/turtle_cpp/src/lidar.cpp:25:57:[m[K [01;36m[Knote: [m[Ksuggested alternative:
[1.342s] In file included from [01m[K/usr/include/c++/7/algorithm:62:0[m[K,
[1.342s]                  from [01m[K/opt/ros/dashing/include/rclcpp/executor.hpp:18[m[K,
[1.342s]                  from [01m[K/opt/ros/dashing/include/rclcpp/executors/multi_threaded_executor.hpp:24[m[K,
[1.342s]                  from [01m[K/opt/ros/dashing/include/rclcpp/executors.hpp:21[m[K,
[1.342s]                  from [01m[K/opt/ros/dashing/include/rclcpp/rclcpp.hpp:144[m[K,
[1.342s]                  from [01m[K/home/iju/S08P31C208/ROS/robot_ws/src/turtle_cpp/src/lidar.cpp:2[m[K:
[1.342s] [01m[K/usr/include/c++/7/bits/stl_algo.h:4076:5:[m[K [01;36m[Knote: [m[K  â€˜[01m[Kstd::count[m[Kâ€™
[1.342s]      [01;36m[Kcount[m[K(_InputIterator __first, _InputIterator __last, const _Tp& __value)
[1.342s]      [01;36m[K^~~~~[m[K
[1.343s] [01m[K/home/iju/S08P31C208/ROS/robot_ws/src/turtle_cpp/src/lidar.cpp:30:13:[m[K [01;31m[Kerror: [m[Kâ€˜[01m[Kpublisher_[m[Kâ€™ was not declared in this scope
[1.343s]              [01;31m[Kpublisher_[m[K->publish(msg);
[1.343s]              [01;31m[K^~~~~~~~~~[m[K
[1.343s] [01m[K/home/iju/S08P31C208/ROS/robot_ws/src/turtle_cpp/src/lidar.cpp:30:13:[m[K [01;36m[Knote: [m[Ksuggested alternative: â€˜[01m[Krcl_publisher_t[m[Kâ€™
[1.344s]              [01;36m[Kpublisher_[m[K->publish(msg);
[1.344s]              [01;36m[K^~~~~~~~~~[m[K
[1.344s]              [32m[Krcl_publisher_t[m[K
[1.344s] [01m[K/home/iju/S08P31C208/ROS/robot_ws/src/turtle_cpp/src/lidar.cpp:17:67:[m[K [01;35m[Kwarning: [m[Kunused parameter â€˜[01m[Kmsg[m[Kâ€™ [[01;35m[K-Wunused-parameter[m[K]
[1.344s]    void scan_callback(const sensor_msgs::msg::LaserScan::SharedPtr [01;35m[Kmsg[m[K)
[1.344s]                                                                    [01;35m[K^~~[m[K
[2.100s] make[2]: *** [CMakeFiles/lidar.dir/src/lidar.cpp.o] Error 1
[2.100s] make[1]: *** [CMakeFiles/lidar.dir/all] Error 2
[2.100s] CMakeFiles/lidar.dir/build.make:62: recipe for target 'CMakeFiles/lidar.dir/src/lidar.cpp.o' failed
[2.100s] CMakeFiles/Makefile2:173: recipe for target 'CMakeFiles/lidar.dir/all' failed
[2.100s] Makefile:140: recipe for target 'all' failed
[2.100s] make: *** [all] Error 2
[2.102s] Invoked command in '/home/iju/S08P31C208/ROS/robot_ws/build/turtle_cpp' returned '2': CMAKE_PREFIX_PATH=${CMAKE_PREFIX_PATH}:/home/iju/S08P31C208/ROS/robot_ws/install/turtlebot3_teleop:/home/iju/S08P31C208/ROS/robot_ws/install/turtlebot3_example:/opt/ros/dashing PS1=\u@\h \[\033[32m\]\w\[\033[33m\]$(parse_git_branch)\[\033[00m\] $ /usr/bin/cmake --build /home/iju/S08P31C208/ROS/robot_ws/build/turtle_cpp -- -j6 -l6
